{"/Users/neelchaudhary/Desktop/scooterson/src/controllers/BlogPostControllers/CreateNewBlog.js": {"path":"/Users/neelchaudhary/Desktop/scooterson/src/controllers/BlogPostControllers/CreateNewBlog.js","statementMap":{"0":{"start":{"line":1,"column":12},"end":{"line":1,"column":35}},"1":{"start":{"line":2,"column":13},"end":{"line":2,"column":46}},"2":{"start":{"line":3,"column":17},"end":{"line":3,"column":54}},"3":{"start":{"line":4,"column":0},"end":{"line":4,"column":27}},"4":{"start":{"line":5,"column":18},"end":{"line":5,"column":40}},"5":{"start":{"line":7,"column":14},"end":{"line":7,"column":30}},"6":{"start":{"line":8,"column":20},"end":{"line":8,"column":40}},"7":{"start":{"line":10,"column":16},"end":{"line":62,"column":1}},"8":{"start":{"line":11,"column":4},"end":{"line":61,"column":5}},"9":{"start":{"line":13,"column":8},"end":{"line":13,"column":36}},"10":{"start":{"line":16,"column":25},"end":{"line":16,"column":53}},"11":{"start":{"line":18,"column":28},"end":{"line":18,"column":58}},"12":{"start":{"line":20,"column":8},"end":{"line":22,"column":9}},"13":{"start":{"line":21,"column":12},"end":{"line":21,"column":90}},"14":{"start":{"line":25,"column":24},"end":{"line":25,"column":58}},"15":{"start":{"line":26,"column":23},"end":{"line":26,"column":37}},"16":{"start":{"line":27,"column":45},"end":{"line":27,"column":53}},"17":{"start":{"line":30,"column":8},"end":{"line":33,"column":9}},"18":{"start":{"line":31,"column":13},"end":{"line":31,"column":90}},"19":{"start":{"line":32,"column":13},"end":{"line":32,"column":20}},"20":{"start":{"line":34,"column":21},"end":{"line":34,"column":48}},"21":{"start":{"line":36,"column":8},"end":{"line":38,"column":9}},"22":{"start":{"line":37,"column":12},"end":{"line":37,"column":69}},"23":{"start":{"line":41,"column":28},"end":{"line":41,"column":95}},"24":{"start":{"line":42,"column":8},"end":{"line":42,"column":33}},"25":{"start":{"line":44,"column":8},"end":{"line":47,"column":11}},"26":{"start":{"line":50,"column":8},"end":{"line":50,"column":41}},"27":{"start":{"line":51,"column":8},"end":{"line":51,"column":26}},"28":{"start":{"line":55,"column":8},"end":{"line":55,"column":65}},"29":{"start":{"line":60,"column":8},"end":{"line":60,"column":33}},"30":{"start":{"line":64,"column":0},"end":{"line":64,"column":25}}},"fnMap":{"0":{"name":"(anonymous_0)","decl":{"start":{"line":10,"column":16},"end":{"line":10,"column":17}},"loc":{"start":{"line":10,"column":36},"end":{"line":62,"column":1}},"line":10}},"branchMap":{"0":{"loc":{"start":{"line":20,"column":8},"end":{"line":22,"column":9}},"type":"if","locations":[{"start":{"line":20,"column":8},"end":{"line":22,"column":9}},{"start":{},"end":{}}],"line":20},"1":{"loc":{"start":{"line":30,"column":8},"end":{"line":33,"column":9}},"type":"if","locations":[{"start":{"line":30,"column":8},"end":{"line":33,"column":9}},{"start":{},"end":{}}],"line":30},"2":{"loc":{"start":{"line":30,"column":12},"end":{"line":30,"column":43}},"type":"binary-expr","locations":[{"start":{"line":30,"column":12},"end":{"line":30,"column":18}},{"start":{"line":30,"column":22},"end":{"line":30,"column":30}},{"start":{"line":30,"column":34},"end":{"line":30,"column":43}}],"line":30},"3":{"loc":{"start":{"line":36,"column":8},"end":{"line":38,"column":9}},"type":"if","locations":[{"start":{"line":36,"column":8},"end":{"line":38,"column":9}},{"start":{},"end":{}}],"line":36}},"s":{"0":1,"1":1,"2":1,"3":1,"4":1,"5":1,"6":1,"7":1,"8":7,"9":7,"10":7,"11":7,"12":7,"13":0,"14":7,"15":7,"16":7,"17":7,"18":3,"19":3,"20":4,"21":3,"22":1,"23":2,"24":2,"25":1,"26":1,"27":1,"28":3,"29":7,"30":1},"f":{"0":7},"b":{"0":[0,7],"1":[3,4],"2":[7,6,5],"3":[1,2]},"_coverageSchema":"1a1c01bbd47fc00a2c39e90264f33305004495a9","hash":"b7917041ea2dacaf49bd918a461e306b7f3c912b"}
,"/Users/neelchaudhary/Desktop/scooterson/src/controllers/BlogPostControllers/DeleteBlog.js": {"path":"/Users/neelchaudhary/Desktop/scooterson/src/controllers/BlogPostControllers/DeleteBlog.js","statementMap":{"0":{"start":{"line":1,"column":13},"end":{"line":1,"column":46}},"1":{"start":{"line":2,"column":17},"end":{"line":2,"column":54}},"2":{"start":{"line":3,"column":12},"end":{"line":3,"column":35}},"3":{"start":{"line":4,"column":14},"end":{"line":4,"column":30}},"4":{"start":{"line":6,"column":0},"end":{"line":6,"column":27}},"5":{"start":{"line":8,"column":18},"end":{"line":8,"column":40}},"6":{"start":{"line":10,"column":20},"end":{"line":10,"column":40}},"7":{"start":{"line":11,"column":0},"end":{"line":13,"column":3}},"8":{"start":{"line":12,"column":4},"end":{"line":12,"column":50}},"9":{"start":{"line":16,"column":19},"end":{"line":65,"column":1}},"10":{"start":{"line":17,"column":4},"end":{"line":64,"column":5}},"11":{"start":{"line":18,"column":8},"end":{"line":18,"column":36}},"12":{"start":{"line":20,"column":25},"end":{"line":20,"column":53}},"13":{"start":{"line":23,"column":28},"end":{"line":23,"column":58}},"14":{"start":{"line":26,"column":24},"end":{"line":26,"column":58}},"15":{"start":{"line":28,"column":23},"end":{"line":28,"column":37}},"16":{"start":{"line":29,"column":23},"end":{"line":29,"column":39}},"17":{"start":{"line":31,"column":8},"end":{"line":33,"column":9}},"18":{"start":{"line":32,"column":12},"end":{"line":32,"column":90}},"19":{"start":{"line":36,"column":21},"end":{"line":36,"column":48}},"20":{"start":{"line":38,"column":8},"end":{"line":40,"column":9}},"21":{"start":{"line":39,"column":12},"end":{"line":39,"column":69}},"22":{"start":{"line":43,"column":21},"end":{"line":43,"column":52}},"23":{"start":{"line":45,"column":8},"end":{"line":47,"column":9}},"24":{"start":{"line":46,"column":12},"end":{"line":46,"column":69}},"25":{"start":{"line":50,"column":8},"end":{"line":50,"column":85}},"26":{"start":{"line":50,"column":53},"end":{"line":50,"column":83}},"27":{"start":{"line":51,"column":8},"end":{"line":51,"column":90}},"28":{"start":{"line":53,"column":8},"end":{"line":53,"column":26}},"29":{"start":{"line":57,"column":8},"end":{"line":57,"column":49}},"30":{"start":{"line":61,"column":8},"end":{"line":61,"column":72}},"31":{"start":{"line":63,"column":8},"end":{"line":63,"column":33}},"32":{"start":{"line":67,"column":0},"end":{"line":67,"column":28}}},"fnMap":{"0":{"name":"(anonymous_0)","decl":{"start":{"line":11,"column":24},"end":{"line":11,"column":25}},"loc":{"start":{"line":11,"column":33},"end":{"line":13,"column":1}},"line":11},"1":{"name":"(anonymous_1)","decl":{"start":{"line":16,"column":19},"end":{"line":16,"column":20}},"loc":{"start":{"line":16,"column":39},"end":{"line":65,"column":1}},"line":16},"2":{"name":"(anonymous_2)","decl":{"start":{"line":50,"column":39},"end":{"line":50,"column":40}},"loc":{"start":{"line":50,"column":53},"end":{"line":50,"column":83}},"line":50}},"branchMap":{"0":{"loc":{"start":{"line":31,"column":8},"end":{"line":33,"column":9}},"type":"if","locations":[{"start":{"line":31,"column":8},"end":{"line":33,"column":9}},{"start":{},"end":{}}],"line":31},"1":{"loc":{"start":{"line":31,"column":12},"end":{"line":31,"column":30}},"type":"binary-expr","locations":[{"start":{"line":31,"column":12},"end":{"line":31,"column":19}},{"start":{"line":31,"column":23},"end":{"line":31,"column":30}}],"line":31},"2":{"loc":{"start":{"line":38,"column":8},"end":{"line":40,"column":9}},"type":"if","locations":[{"start":{"line":38,"column":8},"end":{"line":40,"column":9}},{"start":{},"end":{}}],"line":38},"3":{"loc":{"start":{"line":45,"column":8},"end":{"line":47,"column":9}},"type":"if","locations":[{"start":{"line":45,"column":8},"end":{"line":47,"column":9}},{"start":{},"end":{}}],"line":45}},"s":{"0":2,"1":2,"2":2,"3":2,"4":2,"5":2,"6":2,"7":2,"8":0,"9":2,"10":9,"11":9,"12":9,"13":9,"14":9,"15":8,"16":8,"17":8,"18":2,"19":6,"20":4,"21":1,"22":3,"23":3,"24":1,"25":2,"26":1,"27":2,"28":2,"29":1,"30":4,"31":9,"32":2},"f":{"0":0,"1":9,"2":1},"b":{"0":[2,6],"1":[8,7],"2":[1,3],"3":[1,2]},"_coverageSchema":"1a1c01bbd47fc00a2c39e90264f33305004495a9","hash":"fbcc3992c1c95c216fce37010f7eb65487df16be"}
,"/Users/neelchaudhary/Desktop/scooterson/src/controllers/BlogPostControllers/LatestNBlogs.js": {"path":"/Users/neelchaudhary/Desktop/scooterson/src/controllers/BlogPostControllers/LatestNBlogs.js","statementMap":{"0":{"start":{"line":1,"column":26},"end":{"line":1,"column":63}},"1":{"start":{"line":3,"column":25},"end":{"line":23,"column":5}},"2":{"start":{"line":4,"column":8},"end":{"line":22,"column":9}},"3":{"start":{"line":6,"column":34},"end":{"line":6,"column":64}},"4":{"start":{"line":7,"column":12},"end":{"line":9,"column":13}},"5":{"start":{"line":8,"column":16},"end":{"line":8,"column":102}},"6":{"start":{"line":12,"column":32},"end":{"line":14,"column":37}},"7":{"start":{"line":16,"column":12},"end":{"line":19,"column":15}},"8":{"start":{"line":21,"column":12},"end":{"line":21,"column":64}},"9":{"start":{"line":25,"column":4},"end":{"line":25,"column":34}}},"fnMap":{"0":{"name":"(anonymous_0)","decl":{"start":{"line":3,"column":25},"end":{"line":3,"column":26}},"loc":{"start":{"line":3,"column":45},"end":{"line":23,"column":5}},"line":3}},"branchMap":{"0":{"loc":{"start":{"line":6,"column":34},"end":{"line":6,"column":64}},"type":"binary-expr","locations":[{"start":{"line":6,"column":34},"end":{"line":6,"column":59}},{"start":{"line":6,"column":63},"end":{"line":6,"column":64}}],"line":6},"1":{"loc":{"start":{"line":7,"column":12},"end":{"line":9,"column":13}},"type":"if","locations":[{"start":{"line":7,"column":12},"end":{"line":9,"column":13}},{"start":{},"end":{}}],"line":7}},"s":{"0":1,"1":1,"2":3,"3":3,"4":3,"5":0,"6":3,"7":2,"8":1,"9":1},"f":{"0":3},"b":{"0":[3,2],"1":[0,3]},"_coverageSchema":"1a1c01bbd47fc00a2c39e90264f33305004495a9","hash":"7c44038da42571c795645ee22da2fe947746633b"}
,"/Users/neelchaudhary/Desktop/scooterson/src/controllers/BlogPostControllers/MostPopularBlog.js": {"path":"/Users/neelchaudhary/Desktop/scooterson/src/controllers/BlogPostControllers/MostPopularBlog.js","statementMap":{"0":{"start":{"line":1,"column":22},"end":{"line":1,"column":59}},"1":{"start":{"line":3,"column":34},"end":{"line":13,"column":1}},"2":{"start":{"line":4,"column":4},"end":{"line":12,"column":5}},"3":{"start":{"line":6,"column":33},"end":{"line":6,"column":88}},"4":{"start":{"line":9,"column":8},"end":{"line":9,"column":35}},"5":{"start":{"line":11,"column":8},"end":{"line":11,"column":67}},"6":{"start":{"line":15,"column":0},"end":{"line":15,"column":43}}},"fnMap":{"0":{"name":"(anonymous_0)","decl":{"start":{"line":3,"column":34},"end":{"line":3,"column":35}},"loc":{"start":{"line":3,"column":54},"end":{"line":13,"column":1}},"line":3}},"branchMap":{},"s":{"0":1,"1":1,"2":3,"3":3,"4":2,"5":1,"6":1},"f":{"0":3},"b":{},"_coverageSchema":"1a1c01bbd47fc00a2c39e90264f33305004495a9","hash":"67a07c7ce656679c5e754460374f6e2ffd29fb8f"}
,"/Users/neelchaudhary/Desktop/scooterson/src/controllers/BlogPostControllers/ReadAllBlogs.js": {"path":"/Users/neelchaudhary/Desktop/scooterson/src/controllers/BlogPostControllers/ReadAllBlogs.js","statementMap":{"0":{"start":{"line":1,"column":17},"end":{"line":1,"column":54}},"1":{"start":{"line":3,"column":21},"end":{"line":17,"column":1}},"2":{"start":{"line":4,"column":4},"end":{"line":16,"column":5}},"3":{"start":{"line":5,"column":21},"end":{"line":5,"column":50}},"4":{"start":{"line":6,"column":24},"end":{"line":6,"column":25}},"5":{"start":{"line":8,"column":21},"end":{"line":8,"column":41}},"6":{"start":{"line":11,"column":26},"end":{"line":11,"column":96}},"7":{"start":{"line":13,"column":8},"end":{"line":13,"column":38}},"8":{"start":{"line":15,"column":8},"end":{"line":15,"column":65}},"9":{"start":{"line":19,"column":0},"end":{"line":19,"column":30}}},"fnMap":{"0":{"name":"(anonymous_0)","decl":{"start":{"line":3,"column":21},"end":{"line":3,"column":22}},"loc":{"start":{"line":3,"column":41},"end":{"line":17,"column":1}},"line":3}},"branchMap":{"0":{"loc":{"start":{"line":5,"column":21},"end":{"line":5,"column":50}},"type":"binary-expr","locations":[{"start":{"line":5,"column":21},"end":{"line":5,"column":45}},{"start":{"line":5,"column":49},"end":{"line":5,"column":50}}],"line":5}},"s":{"0":1,"1":1,"2":5,"3":5,"4":5,"5":5,"6":5,"7":4,"8":1,"9":1},"f":{"0":5},"b":{"0":[5,4]},"_coverageSchema":"1a1c01bbd47fc00a2c39e90264f33305004495a9","hash":"2ca17ae10fb6780b964621106769c71f5a997883"}
,"/Users/neelchaudhary/Desktop/scooterson/src/controllers/BlogPostControllers/ReadSpecificBlog.js": {"path":"/Users/neelchaudhary/Desktop/scooterson/src/controllers/BlogPostControllers/ReadSpecificBlog.js","statementMap":{"0":{"start":{"line":1,"column":17},"end":{"line":1,"column":54}},"1":{"start":{"line":5,"column":0},"end":{"line":33,"column":2}},"2":{"start":{"line":6,"column":4},"end":{"line":32,"column":5}},"3":{"start":{"line":7,"column":23},"end":{"line":7,"column":39}},"4":{"start":{"line":10,"column":8},"end":{"line":13,"column":9}},"5":{"start":{"line":11,"column":12},"end":{"line":11,"column":72}},"6":{"start":{"line":12,"column":12},"end":{"line":12,"column":19}},"7":{"start":{"line":15,"column":21},"end":{"line":15,"column":52}},"8":{"start":{"line":17,"column":8},"end":{"line":20,"column":9}},"9":{"start":{"line":18,"column":12},"end":{"line":18,"column":65}},"10":{"start":{"line":19,"column":12},"end":{"line":19,"column":19}},"11":{"start":{"line":23,"column":8},"end":{"line":23,"column":43}},"12":{"start":{"line":25,"column":8},"end":{"line":25,"column":23}},"13":{"start":{"line":28,"column":8},"end":{"line":28,"column":26}},"14":{"start":{"line":31,"column":8},"end":{"line":31,"column":65}},"15":{"start":{"line":35,"column":0},"end":{"line":35,"column":34}}},"fnMap":{"0":{"name":"(anonymous_0)","decl":{"start":{"line":5,"column":19},"end":{"line":5,"column":20}},"loc":{"start":{"line":5,"column":39},"end":{"line":33,"column":1}},"line":5}},"branchMap":{"0":{"loc":{"start":{"line":10,"column":8},"end":{"line":13,"column":9}},"type":"if","locations":[{"start":{"line":10,"column":8},"end":{"line":13,"column":9}},{"start":{},"end":{}}],"line":10},"1":{"loc":{"start":{"line":10,"column":12},"end":{"line":10,"column":49}},"type":"binary-expr","locations":[{"start":{"line":10,"column":12},"end":{"line":10,"column":19}},{"start":{"line":10,"column":23},"end":{"line":10,"column":49}}],"line":10},"2":{"loc":{"start":{"line":17,"column":8},"end":{"line":20,"column":9}},"type":"if","locations":[{"start":{"line":17,"column":8},"end":{"line":20,"column":9}},{"start":{},"end":{}}],"line":17},"3":{"loc":{"start":{"line":23,"column":22},"end":{"line":23,"column":37}},"type":"binary-expr","locations":[{"start":{"line":23,"column":22},"end":{"line":23,"column":32}},{"start":{"line":23,"column":36},"end":{"line":23,"column":37}}],"line":23}},"s":{"0":1,"1":1,"2":6,"3":6,"4":6,"5":2,"6":2,"7":4,"8":2,"9":1,"10":1,"11":1,"12":1,"13":1,"14":2,"15":1},"f":{"0":6},"b":{"0":[2,4],"1":[6,5],"2":[1,1],"3":[1,0]},"_coverageSchema":"1a1c01bbd47fc00a2c39e90264f33305004495a9","hash":"ade8154ceb1e2c50589c3cb76244fda8bd28213b"}
,"/Users/neelchaudhary/Desktop/scooterson/src/controllers/BlogPostControllers/RecommendRelatedBlogs.js": {"path":"/Users/neelchaudhary/Desktop/scooterson/src/controllers/BlogPostControllers/RecommendRelatedBlogs.js","statementMap":{"0":{"start":{"line":1,"column":14},"end":{"line":1,"column":35}},"1":{"start":{"line":2,"column":17},"end":{"line":2,"column":54}},"2":{"start":{"line":4,"column":30},"end":{"line":57,"column":1}},"3":{"start":{"line":5,"column":4},"end":{"line":56,"column":5}},"4":{"start":{"line":6,"column":30},"end":{"line":6,"column":46}},"5":{"start":{"line":8,"column":8},"end":{"line":10,"column":9}},"6":{"start":{"line":9,"column":12},"end":{"line":9,"column":84}},"7":{"start":{"line":12,"column":28},"end":{"line":12,"column":66}},"8":{"start":{"line":14,"column":8},"end":{"line":16,"column":9}},"9":{"start":{"line":15,"column":12},"end":{"line":15,"column":69}},"10":{"start":{"line":18,"column":31},"end":{"line":18,"column":56}},"11":{"start":{"line":21,"column":25},"end":{"line":21,"column":88}},"12":{"start":{"line":23,"column":22},"end":{"line":23,"column":33}},"13":{"start":{"line":26,"column":8},"end":{"line":28,"column":12}},"14":{"start":{"line":27,"column":12},"end":{"line":27,"column":57}},"15":{"start":{"line":31,"column":8},"end":{"line":31,"column":53}},"16":{"start":{"line":34,"column":35},"end":{"line":37,"column":10}},"17":{"start":{"line":35,"column":31},"end":{"line":35,"column":71}},"18":{"start":{"line":36,"column":12},"end":{"line":36,"column":40}},"19":{"start":{"line":39,"column":29},"end":{"line":39,"column":66}},"20":{"start":{"line":42,"column":8},"end":{"line":42,"column":65}},"21":{"start":{"line":42,"column":36},"end":{"line":42,"column":63}},"22":{"start":{"line":44,"column":33},"end":{"line":44,"column":36}},"23":{"start":{"line":47,"column":29},"end":{"line":50,"column":24}},"24":{"start":{"line":48,"column":30},"end":{"line":48,"column":65}},"25":{"start":{"line":49,"column":27},"end":{"line":49,"column":36}},"26":{"start":{"line":53,"column":8},"end":{"line":53,"column":54}},"27":{"start":{"line":55,"column":8},"end":{"line":55,"column":72}},"28":{"start":{"line":59,"column":0},"end":{"line":59,"column":39}}},"fnMap":{"0":{"name":"(anonymous_0)","decl":{"start":{"line":4,"column":30},"end":{"line":4,"column":31}},"loc":{"start":{"line":4,"column":50},"end":{"line":57,"column":1}},"line":4},"1":{"name":"(anonymous_1)","decl":{"start":{"line":26,"column":39},"end":{"line":26,"column":40}},"loc":{"start":{"line":26,"column":62},"end":{"line":28,"column":9}},"line":26},"2":{"name":"(anonymous_2)","decl":{"start":{"line":34,"column":48},"end":{"line":34,"column":49}},"loc":{"start":{"line":34,"column":71},"end":{"line":37,"column":9}},"line":34},"3":{"name":"(anonymous_3)","decl":{"start":{"line":42,"column":26},"end":{"line":42,"column":27}},"loc":{"start":{"line":42,"column":36},"end":{"line":42,"column":63}},"line":42},"4":{"name":"(anonymous_4)","decl":{"start":{"line":48,"column":20},"end":{"line":48,"column":21}},"loc":{"start":{"line":48,"column":30},"end":{"line":48,"column":65}},"line":48},"5":{"name":"(anonymous_5)","decl":{"start":{"line":49,"column":17},"end":{"line":49,"column":18}},"loc":{"start":{"line":49,"column":27},"end":{"line":49,"column":36}},"line":49}},"branchMap":{"0":{"loc":{"start":{"line":8,"column":8},"end":{"line":10,"column":9}},"type":"if","locations":[{"start":{"line":8,"column":8},"end":{"line":10,"column":9}},{"start":{},"end":{}}],"line":8},"1":{"loc":{"start":{"line":8,"column":12},"end":{"line":8,"column":63}},"type":"binary-expr","locations":[{"start":{"line":8,"column":12},"end":{"line":8,"column":26}},{"start":{"line":8,"column":30},"end":{"line":8,"column":63}}],"line":8},"2":{"loc":{"start":{"line":14,"column":8},"end":{"line":16,"column":9}},"type":"if","locations":[{"start":{"line":14,"column":8},"end":{"line":16,"column":9}},{"start":{},"end":{}}],"line":14},"3":{"loc":{"start":{"line":18,"column":31},"end":{"line":18,"column":56}},"type":"binary-expr","locations":[{"start":{"line":18,"column":31},"end":{"line":18,"column":50}},{"start":{"line":18,"column":54},"end":{"line":18,"column":56}}],"line":18}},"s":{"0":1,"1":1,"2":1,"3":5,"4":5,"5":5,"6":2,"7":3,"8":3,"9":1,"10":2,"11":2,"12":0,"13":0,"14":0,"15":0,"16":0,"17":0,"18":0,"19":0,"20":0,"21":0,"22":0,"23":0,"24":0,"25":0,"26":0,"27":2,"28":1},"f":{"0":5,"1":0,"2":0,"3":0,"4":0,"5":0},"b":{"0":[2,3],"1":[5,4],"2":[1,2],"3":[2,0]},"_coverageSchema":"1a1c01bbd47fc00a2c39e90264f33305004495a9","hash":"717c55164cd5295806d95384f29adce1a7ab9dc4"}
,"/Users/neelchaudhary/Desktop/scooterson/src/controllers/BlogPostControllers/SearchBlogs.js": {"path":"/Users/neelchaudhary/Desktop/scooterson/src/controllers/BlogPostControllers/SearchBlogs.js","statementMap":{"0":{"start":{"line":1,"column":17},"end":{"line":1,"column":54}},"1":{"start":{"line":3,"column":20},"end":{"line":27,"column":1}},"2":{"start":{"line":4,"column":4},"end":{"line":26,"column":5}},"3":{"start":{"line":5,"column":28},"end":{"line":5,"column":44}},"4":{"start":{"line":7,"column":8},"end":{"line":9,"column":9}},"5":{"start":{"line":8,"column":12},"end":{"line":8,"column":80}},"6":{"start":{"line":12,"column":22},"end":{"line":12,"column":50}},"7":{"start":{"line":15,"column":26},"end":{"line":21,"column":10}},"8":{"start":{"line":23,"column":8},"end":{"line":23,"column":51}},"9":{"start":{"line":25,"column":8},"end":{"line":25,"column":65}},"10":{"start":{"line":29,"column":0},"end":{"line":29,"column":29}}},"fnMap":{"0":{"name":"(anonymous_0)","decl":{"start":{"line":3,"column":20},"end":{"line":3,"column":21}},"loc":{"start":{"line":3,"column":40},"end":{"line":27,"column":1}},"line":3}},"branchMap":{"0":{"loc":{"start":{"line":7,"column":8},"end":{"line":9,"column":9}},"type":"if","locations":[{"start":{"line":7,"column":8},"end":{"line":9,"column":9}},{"start":{},"end":{}}],"line":7},"1":{"loc":{"start":{"line":7,"column":12},"end":{"line":7,"column":46}},"type":"binary-expr","locations":[{"start":{"line":7,"column":12},"end":{"line":7,"column":24}},{"start":{"line":7,"column":28},"end":{"line":7,"column":46}}],"line":7}},"s":{"0":1,"1":1,"2":5,"3":5,"4":5,"5":1,"6":4,"7":4,"8":3,"9":1,"10":1},"f":{"0":5},"b":{"0":[1,4],"1":[5,4]},"_coverageSchema":"1a1c01bbd47fc00a2c39e90264f33305004495a9","hash":"73f52277a9b3a44122b09e7b4f4e15902ac2e2d0"}
,"/Users/neelchaudhary/Desktop/scooterson/src/controllers/BlogPostControllers/UpdateBlog.js": {"path":"/Users/neelchaudhary/Desktop/scooterson/src/controllers/BlogPostControllers/UpdateBlog.js","statementMap":{"0":{"start":{"line":1,"column":13},"end":{"line":1,"column":46}},"1":{"start":{"line":2,"column":17},"end":{"line":2,"column":54}},"2":{"start":{"line":3,"column":12},"end":{"line":3,"column":35}},"3":{"start":{"line":4,"column":0},"end":{"line":4,"column":27}},"4":{"start":{"line":5,"column":18},"end":{"line":5,"column":40}},"5":{"start":{"line":7,"column":14},"end":{"line":7,"column":30}},"6":{"start":{"line":8,"column":20},"end":{"line":8,"column":40}},"7":{"start":{"line":11,"column":19},"end":{"line":77,"column":1}},"8":{"start":{"line":12,"column":4},"end":{"line":76,"column":5}},"9":{"start":{"line":13,"column":8},"end":{"line":13,"column":36}},"10":{"start":{"line":14,"column":25},"end":{"line":14,"column":53}},"11":{"start":{"line":16,"column":28},"end":{"line":16,"column":58}},"12":{"start":{"line":18,"column":8},"end":{"line":20,"column":9}},"13":{"start":{"line":19,"column":12},"end":{"line":19,"column":90}},"14":{"start":{"line":23,"column":24},"end":{"line":23,"column":58}},"15":{"start":{"line":25,"column":23},"end":{"line":25,"column":37}},"16":{"start":{"line":28,"column":23},"end":{"line":28,"column":39}},"17":{"start":{"line":30,"column":8},"end":{"line":32,"column":9}},"18":{"start":{"line":31,"column":12},"end":{"line":31,"column":90}},"19":{"start":{"line":35,"column":45},"end":{"line":35,"column":53}},"20":{"start":{"line":37,"column":8},"end":{"line":39,"column":9}},"21":{"start":{"line":38,"column":12},"end":{"line":38,"column":98}},"22":{"start":{"line":42,"column":21},"end":{"line":42,"column":48}},"23":{"start":{"line":44,"column":8},"end":{"line":46,"column":9}},"24":{"start":{"line":45,"column":12},"end":{"line":45,"column":69}},"25":{"start":{"line":49,"column":21},"end":{"line":49,"column":52}},"26":{"start":{"line":51,"column":8},"end":{"line":53,"column":9}},"27":{"start":{"line":52,"column":12},"end":{"line":52,"column":69}},"28":{"start":{"line":56,"column":8},"end":{"line":56,"column":41}},"29":{"start":{"line":57,"column":8},"end":{"line":57,"column":47}},"30":{"start":{"line":58,"column":8},"end":{"line":58,"column":50}},"31":{"start":{"line":59,"column":8},"end":{"line":59,"column":36}},"32":{"start":{"line":61,"column":8},"end":{"line":61,"column":90}},"33":{"start":{"line":64,"column":8},"end":{"line":64,"column":26}},"34":{"start":{"line":67,"column":8},"end":{"line":67,"column":26}},"35":{"start":{"line":73,"column":8},"end":{"line":73,"column":65}},"36":{"start":{"line":75,"column":8},"end":{"line":75,"column":33}},"37":{"start":{"line":79,"column":0},"end":{"line":79,"column":28}}},"fnMap":{"0":{"name":"(anonymous_0)","decl":{"start":{"line":11,"column":19},"end":{"line":11,"column":20}},"loc":{"start":{"line":11,"column":39},"end":{"line":77,"column":1}},"line":11}},"branchMap":{"0":{"loc":{"start":{"line":18,"column":8},"end":{"line":20,"column":9}},"type":"if","locations":[{"start":{"line":18,"column":8},"end":{"line":20,"column":9}},{"start":{},"end":{}}],"line":18},"1":{"loc":{"start":{"line":30,"column":8},"end":{"line":32,"column":9}},"type":"if","locations":[{"start":{"line":30,"column":8},"end":{"line":32,"column":9}},{"start":{},"end":{}}],"line":30},"2":{"loc":{"start":{"line":30,"column":12},"end":{"line":30,"column":30}},"type":"binary-expr","locations":[{"start":{"line":30,"column":12},"end":{"line":30,"column":19}},{"start":{"line":30,"column":23},"end":{"line":30,"column":30}}],"line":30},"3":{"loc":{"start":{"line":37,"column":8},"end":{"line":39,"column":9}},"type":"if","locations":[{"start":{"line":37,"column":8},"end":{"line":39,"column":9}},{"start":{},"end":{}}],"line":37},"4":{"loc":{"start":{"line":37,"column":12},"end":{"line":37,"column":43}},"type":"binary-expr","locations":[{"start":{"line":37,"column":12},"end":{"line":37,"column":18}},{"start":{"line":37,"column":22},"end":{"line":37,"column":30}},{"start":{"line":37,"column":34},"end":{"line":37,"column":43}}],"line":37},"5":{"loc":{"start":{"line":44,"column":8},"end":{"line":46,"column":9}},"type":"if","locations":[{"start":{"line":44,"column":8},"end":{"line":46,"column":9}},{"start":{},"end":{}}],"line":44},"6":{"loc":{"start":{"line":51,"column":8},"end":{"line":53,"column":9}},"type":"if","locations":[{"start":{"line":51,"column":8},"end":{"line":53,"column":9}},{"start":{},"end":{}}],"line":51},"7":{"loc":{"start":{"line":56,"column":21},"end":{"line":56,"column":40}},"type":"binary-expr","locations":[{"start":{"line":56,"column":21},"end":{"line":56,"column":26}},{"start":{"line":56,"column":30},"end":{"line":56,"column":40}}],"line":56},"8":{"loc":{"start":{"line":57,"column":23},"end":{"line":57,"column":46}},"type":"binary-expr","locations":[{"start":{"line":57,"column":23},"end":{"line":57,"column":30}},{"start":{"line":57,"column":34},"end":{"line":57,"column":46}}],"line":57},"9":{"loc":{"start":{"line":58,"column":24},"end":{"line":58,"column":49}},"type":"binary-expr","locations":[{"start":{"line":58,"column":24},"end":{"line":58,"column":32}},{"start":{"line":58,"column":36},"end":{"line":58,"column":49}}],"line":58}},"s":{"0":1,"1":1,"2":1,"3":1,"4":1,"5":1,"6":1,"7":1,"8":12,"9":12,"10":12,"11":12,"12":12,"13":0,"14":12,"15":11,"16":11,"17":11,"18":2,"19":9,"20":9,"21":3,"22":6,"23":4,"24":1,"25":3,"26":3,"27":1,"28":2,"29":2,"30":2,"31":2,"32":2,"33":2,"34":1,"35":5,"36":12,"37":1},"f":{"0":12},"b":{"0":[0,12],"1":[2,9],"2":[11,10],"3":[3,6],"4":[9,8,7],"5":[1,3],"6":[1,2],"7":[2,0],"8":[2,0],"9":[2,0]},"_coverageSchema":"1a1c01bbd47fc00a2c39e90264f33305004495a9","hash":"e83e1871581d41707d1d7e8177123fd996039dd1"}
,"/Users/neelchaudhary/Desktop/scooterson/src/controllers/UserControllers/CreateNewUser.js": {"path":"/Users/neelchaudhary/Desktop/scooterson/src/controllers/UserControllers/CreateNewUser.js","statementMap":{"0":{"start":{"line":1,"column":13},"end":{"line":1,"column":46}},"1":{"start":{"line":3,"column":19},"end":{"line":34,"column":1}},"2":{"start":{"line":4,"column":4},"end":{"line":33,"column":5}},"3":{"start":{"line":5,"column":39},"end":{"line":5,"column":47}},"4":{"start":{"line":8,"column":8},"end":{"line":10,"column":9}},"5":{"start":{"line":9,"column":12},"end":{"line":9,"column":77}},"6":{"start":{"line":13,"column":29},"end":{"line":13,"column":61}},"7":{"start":{"line":14,"column":8},"end":{"line":16,"column":9}},"8":{"start":{"line":15,"column":12},"end":{"line":15,"column":78}},"9":{"start":{"line":19,"column":24},"end":{"line":19,"column":56}},"10":{"start":{"line":20,"column":8},"end":{"line":25,"column":11}},"11":{"start":{"line":28,"column":8},"end":{"line":28,"column":29}},"12":{"start":{"line":32,"column":8},"end":{"line":32,"column":65}},"13":{"start":{"line":36,"column":0},"end":{"line":36,"column":28}}},"fnMap":{"0":{"name":"(anonymous_0)","decl":{"start":{"line":3,"column":19},"end":{"line":3,"column":20}},"loc":{"start":{"line":3,"column":39},"end":{"line":34,"column":1}},"line":3}},"branchMap":{"0":{"loc":{"start":{"line":8,"column":8},"end":{"line":10,"column":9}},"type":"if","locations":[{"start":{"line":8,"column":8},"end":{"line":10,"column":9}},{"start":{},"end":{}}],"line":8},"1":{"loc":{"start":{"line":8,"column":11},"end":{"line":8,"column":33}},"type":"binary-expr","locations":[{"start":{"line":8,"column":11},"end":{"line":8,"column":20}},{"start":{"line":8,"column":24},"end":{"line":8,"column":33}}],"line":8},"2":{"loc":{"start":{"line":14,"column":8},"end":{"line":16,"column":9}},"type":"if","locations":[{"start":{"line":14,"column":8},"end":{"line":16,"column":9}},{"start":{},"end":{}}],"line":14}},"s":{"0":1,"1":1,"2":5,"3":5,"4":5,"5":2,"6":3,"7":3,"8":1,"9":2,"10":2,"11":2,"12":1,"13":1},"f":{"0":5},"b":{"0":[2,3],"1":[5,4],"2":[1,2]},"_coverageSchema":"1a1c01bbd47fc00a2c39e90264f33305004495a9","hash":"4cc3d460eb4d4952ed98c4d23b38270f7970a7e0"}
,"/Users/neelchaudhary/Desktop/scooterson/src/controllers/UserControllers/DeleteUser.js": {"path":"/Users/neelchaudhary/Desktop/scooterson/src/controllers/UserControllers/DeleteUser.js","statementMap":{"0":{"start":{"line":1,"column":13},"end":{"line":1,"column":46}},"1":{"start":{"line":3,"column":19},"end":{"line":29,"column":1}},"2":{"start":{"line":4,"column":4},"end":{"line":28,"column":5}},"3":{"start":{"line":5,"column":39},"end":{"line":5,"column":47}},"4":{"start":{"line":7,"column":8},"end":{"line":9,"column":9}},"5":{"start":{"line":8,"column":12},"end":{"line":8,"column":105}},"6":{"start":{"line":12,"column":29},"end":{"line":12,"column":61}},"7":{"start":{"line":13,"column":8},"end":{"line":15,"column":9}},"8":{"start":{"line":14,"column":12},"end":{"line":14,"column":74}},"9":{"start":{"line":18,"column":8},"end":{"line":20,"column":9}},"10":{"start":{"line":19,"column":12},"end":{"line":19,"column":71}},"11":{"start":{"line":23,"column":8},"end":{"line":23,"column":50}},"12":{"start":{"line":25,"column":8},"end":{"line":25,"column":59}},"13":{"start":{"line":27,"column":8},"end":{"line":27,"column":65}},"14":{"start":{"line":31,"column":0},"end":{"line":31,"column":28}}},"fnMap":{"0":{"name":"(anonymous_0)","decl":{"start":{"line":3,"column":19},"end":{"line":3,"column":20}},"loc":{"start":{"line":3,"column":39},"end":{"line":29,"column":1}},"line":3}},"branchMap":{"0":{"loc":{"start":{"line":7,"column":8},"end":{"line":9,"column":9}},"type":"if","locations":[{"start":{"line":7,"column":8},"end":{"line":9,"column":9}},{"start":{},"end":{}}],"line":7},"1":{"loc":{"start":{"line":7,"column":11},"end":{"line":7,"column":33}},"type":"binary-expr","locations":[{"start":{"line":7,"column":11},"end":{"line":7,"column":20}},{"start":{"line":7,"column":24},"end":{"line":7,"column":33}}],"line":7},"2":{"loc":{"start":{"line":13,"column":8},"end":{"line":15,"column":9}},"type":"if","locations":[{"start":{"line":13,"column":8},"end":{"line":15,"column":9}},{"start":{},"end":{}}],"line":13},"3":{"loc":{"start":{"line":18,"column":8},"end":{"line":20,"column":9}},"type":"if","locations":[{"start":{"line":18,"column":8},"end":{"line":20,"column":9}},{"start":{},"end":{}}],"line":18}},"s":{"0":1,"1":1,"2":6,"3":6,"4":6,"5":2,"6":4,"7":4,"8":1,"9":3,"10":1,"11":2,"12":1,"13":1,"14":1},"f":{"0":6},"b":{"0":[2,4],"1":[6,5],"2":[1,3],"3":[1,2]},"_coverageSchema":"1a1c01bbd47fc00a2c39e90264f33305004495a9","hash":"5fed451d94aa835e0f340ee0f8be06c40c4047b3"}
,"/Users/neelchaudhary/Desktop/scooterson/src/controllers/UserControllers/LoginUser.js": {"path":"/Users/neelchaudhary/Desktop/scooterson/src/controllers/UserControllers/LoginUser.js","statementMap":{"0":{"start":{"line":1,"column":12},"end":{"line":1,"column":35}},"1":{"start":{"line":2,"column":13},"end":{"line":2,"column":46}},"2":{"start":{"line":3,"column":0},"end":{"line":3,"column":26}},"3":{"start":{"line":4,"column":18},"end":{"line":4,"column":40}},"4":{"start":{"line":6,"column":14},"end":{"line":6,"column":30}},"5":{"start":{"line":8,"column":20},"end":{"line":8,"column":40}},"6":{"start":{"line":10,"column":23},"end":{"line":10,"column":27}},"7":{"start":{"line":14,"column":18},"end":{"line":53,"column":1}},"8":{"start":{"line":15,"column":4},"end":{"line":52,"column":5}},"9":{"start":{"line":16,"column":39},"end":{"line":16,"column":47}},"10":{"start":{"line":17,"column":8},"end":{"line":19,"column":9}},"11":{"start":{"line":18,"column":12},"end":{"line":18,"column":92}},"12":{"start":{"line":22,"column":21},"end":{"line":22,"column":62}},"13":{"start":{"line":25,"column":8},"end":{"line":27,"column":9}},"14":{"start":{"line":26,"column":12},"end":{"line":26,"column":74}},"15":{"start":{"line":30,"column":8},"end":{"line":32,"column":9}},"16":{"start":{"line":31,"column":12},"end":{"line":31,"column":74}},"17":{"start":{"line":37,"column":22},"end":{"line":37,"column":109}},"18":{"start":{"line":39,"column":8},"end":{"line":41,"column":10}},"19":{"start":{"line":40,"column":12},"end":{"line":40,"column":59}},"20":{"start":{"line":43,"column":12},"end":{"line":43,"column":96}},"21":{"start":{"line":51,"column":8},"end":{"line":51,"column":65}},"22":{"start":{"line":55,"column":0},"end":{"line":55,"column":27}}},"fnMap":{"0":{"name":"(anonymous_0)","decl":{"start":{"line":14,"column":18},"end":{"line":14,"column":19}},"loc":{"start":{"line":14,"column":38},"end":{"line":53,"column":1}},"line":14},"1":{"name":"(anonymous_1)","decl":{"start":{"line":39,"column":41},"end":{"line":39,"column":42}},"loc":{"start":{"line":39,"column":45},"end":{"line":41,"column":9}},"line":39}},"branchMap":{"0":{"loc":{"start":{"line":17,"column":8},"end":{"line":19,"column":9}},"type":"if","locations":[{"start":{"line":17,"column":8},"end":{"line":19,"column":9}},{"start":{},"end":{}}],"line":17},"1":{"loc":{"start":{"line":17,"column":11},"end":{"line":17,"column":33}},"type":"binary-expr","locations":[{"start":{"line":17,"column":11},"end":{"line":17,"column":20}},{"start":{"line":17,"column":24},"end":{"line":17,"column":33}}],"line":17},"2":{"loc":{"start":{"line":25,"column":8},"end":{"line":27,"column":9}},"type":"if","locations":[{"start":{"line":25,"column":8},"end":{"line":27,"column":9}},{"start":{},"end":{}}],"line":25},"3":{"loc":{"start":{"line":30,"column":8},"end":{"line":32,"column":9}},"type":"if","locations":[{"start":{"line":30,"column":8},"end":{"line":32,"column":9}},{"start":{},"end":{}}],"line":30}},"s":{"0":1,"1":1,"2":1,"3":1,"4":1,"5":1,"6":1,"7":1,"8":7,"9":7,"10":7,"11":2,"12":5,"13":5,"14":1,"15":4,"16":0,"17":4,"18":1,"19":0,"20":0,"21":4,"22":1},"f":{"0":7,"1":0},"b":{"0":[2,5],"1":[7,6],"2":[1,4],"3":[0,4]},"_coverageSchema":"1a1c01bbd47fc00a2c39e90264f33305004495a9","hash":"0edba1cba5089d653a22dc6f743983ad96d04afa"}
,"/Users/neelchaudhary/Desktop/scooterson/src/models/BlogPostModel.js": {"path":"/Users/neelchaudhary/Desktop/scooterson/src/models/BlogPostModel.js","statementMap":{"0":{"start":{"line":1,"column":17},"end":{"line":1,"column":36}},"1":{"start":{"line":2,"column":26},"end":{"line":2,"column":34}},"2":{"start":{"line":4,"column":23},"end":{"line":33,"column":2}},"3":{"start":{"line":35,"column":0},"end":{"line":35,"column":42}},"4":{"start":{"line":36,"column":0},"end":{"line":36,"column":44}},"5":{"start":{"line":39,"column":17},"end":{"line":39,"column":59}},"6":{"start":{"line":41,"column":0},"end":{"line":41,"column":26}}},"fnMap":{},"branchMap":{},"s":{"0":9,"1":9,"2":9,"3":9,"4":9,"5":9,"6":9},"f":{},"b":{},"_coverageSchema":"1a1c01bbd47fc00a2c39e90264f33305004495a9","hash":"04838308f7775208b4ac0b7d517ec82375e43213"}
,"/Users/neelchaudhary/Desktop/scooterson/src/models/UserModel.js": {"path":"/Users/neelchaudhary/Desktop/scooterson/src/models/UserModel.js","statementMap":{"0":{"start":{"line":1,"column":17},"end":{"line":1,"column":36}},"1":{"start":{"line":2,"column":26},"end":{"line":2,"column":34}},"2":{"start":{"line":4,"column":19},"end":{"line":24,"column":2}},"3":{"start":{"line":29,"column":13},"end":{"line":29,"column":47}},"4":{"start":{"line":31,"column":0},"end":{"line":31,"column":22}}},"fnMap":{},"branchMap":{},"s":{"0":6,"1":6,"2":6,"3":6,"4":6},"f":{},"b":{},"_coverageSchema":"1a1c01bbd47fc00a2c39e90264f33305004495a9","hash":"4fcd55bebd1837d8f756570873912d592a68dc11"}
}
