{"/Users/neelchaudhary/Desktop/scooterson/src/controllers/BlogPostControllers/CreateNewBlog.js": {"path":"/Users/neelchaudhary/Desktop/scooterson/src/controllers/BlogPostControllers/CreateNewBlog.js","statementMap":{"0":{"start":{"line":1,"column":12},"end":{"line":1,"column":35}},"1":{"start":{"line":2,"column":13},"end":{"line":2,"column":46}},"2":{"start":{"line":3,"column":17},"end":{"line":3,"column":54}},"3":{"start":{"line":4,"column":0},"end":{"line":4,"column":27}},"4":{"start":{"line":5,"column":18},"end":{"line":5,"column":40}},"5":{"start":{"line":7,"column":14},"end":{"line":7,"column":30}},"6":{"start":{"line":8,"column":20},"end":{"line":8,"column":40}},"7":{"start":{"line":10,"column":16},"end":{"line":62,"column":1}},"8":{"start":{"line":11,"column":4},"end":{"line":61,"column":5}},"9":{"start":{"line":13,"column":8},"end":{"line":13,"column":36}},"10":{"start":{"line":16,"column":25},"end":{"line":16,"column":53}},"11":{"start":{"line":18,"column":28},"end":{"line":18,"column":58}},"12":{"start":{"line":20,"column":8},"end":{"line":22,"column":9}},"13":{"start":{"line":21,"column":12},"end":{"line":21,"column":90}},"14":{"start":{"line":25,"column":24},"end":{"line":25,"column":58}},"15":{"start":{"line":26,"column":23},"end":{"line":26,"column":37}},"16":{"start":{"line":27,"column":45},"end":{"line":27,"column":53}},"17":{"start":{"line":30,"column":8},"end":{"line":33,"column":9}},"18":{"start":{"line":31,"column":13},"end":{"line":31,"column":90}},"19":{"start":{"line":32,"column":13},"end":{"line":32,"column":20}},"20":{"start":{"line":36,"column":21},"end":{"line":36,"column":48}},"21":{"start":{"line":38,"column":8},"end":{"line":40,"column":9}},"22":{"start":{"line":39,"column":12},"end":{"line":39,"column":69}},"23":{"start":{"line":43,"column":28},"end":{"line":43,"column":95}},"24":{"start":{"line":44,"column":8},"end":{"line":44,"column":33}},"25":{"start":{"line":47,"column":8},"end":{"line":47,"column":41}},"26":{"start":{"line":48,"column":8},"end":{"line":48,"column":26}},"27":{"start":{"line":50,"column":8},"end":{"line":53,"column":11}},"28":{"start":{"line":55,"column":8},"end":{"line":55,"column":65}},"29":{"start":{"line":60,"column":8},"end":{"line":60,"column":33}},"30":{"start":{"line":64,"column":0},"end":{"line":64,"column":25}}},"fnMap":{"0":{"name":"(anonymous_0)","decl":{"start":{"line":10,"column":16},"end":{"line":10,"column":17}},"loc":{"start":{"line":10,"column":36},"end":{"line":62,"column":1}},"line":10}},"branchMap":{"0":{"loc":{"start":{"line":20,"column":8},"end":{"line":22,"column":9}},"type":"if","locations":[{"start":{"line":20,"column":8},"end":{"line":22,"column":9}},{"start":{},"end":{}}],"line":20},"1":{"loc":{"start":{"line":30,"column":8},"end":{"line":33,"column":9}},"type":"if","locations":[{"start":{"line":30,"column":8},"end":{"line":33,"column":9}},{"start":{},"end":{}}],"line":30},"2":{"loc":{"start":{"line":30,"column":12},"end":{"line":30,"column":43}},"type":"binary-expr","locations":[{"start":{"line":30,"column":12},"end":{"line":30,"column":18}},{"start":{"line":30,"column":22},"end":{"line":30,"column":30}},{"start":{"line":30,"column":34},"end":{"line":30,"column":43}}],"line":30},"3":{"loc":{"start":{"line":38,"column":8},"end":{"line":40,"column":9}},"type":"if","locations":[{"start":{"line":38,"column":8},"end":{"line":40,"column":9}},{"start":{},"end":{}}],"line":38}},"s":{"0":1,"1":1,"2":1,"3":1,"4":1,"5":1,"6":1,"7":1,"8":2,"9":2,"10":2,"11":2,"12":0,"13":0,"14":0,"15":0,"16":0,"17":0,"18":0,"19":0,"20":0,"21":0,"22":0,"23":0,"24":0,"25":0,"26":0,"27":0,"28":2,"29":2,"30":1},"f":{"0":2},"b":{"0":[0,0],"1":[0,0],"2":[0,0,0],"3":[0,0]},"_coverageSchema":"1a1c01bbd47fc00a2c39e90264f33305004495a9","hash":"3ba83508424aac4f328407bda9bcac63400d69d2"}
,"/Users/neelchaudhary/Desktop/scooterson/src/models/BlogPostModel.js": {"path":"/Users/neelchaudhary/Desktop/scooterson/src/models/BlogPostModel.js","statementMap":{"0":{"start":{"line":1,"column":17},"end":{"line":1,"column":36}},"1":{"start":{"line":2,"column":26},"end":{"line":2,"column":34}},"2":{"start":{"line":4,"column":23},"end":{"line":33,"column":2}},"3":{"start":{"line":35,"column":0},"end":{"line":35,"column":42}},"4":{"start":{"line":36,"column":0},"end":{"line":36,"column":44}},"5":{"start":{"line":39,"column":17},"end":{"line":39,"column":59}},"6":{"start":{"line":41,"column":0},"end":{"line":41,"column":26}}},"fnMap":{},"branchMap":{},"s":{"0":1,"1":1,"2":1,"3":1,"4":1,"5":1,"6":1},"f":{},"b":{},"_coverageSchema":"1a1c01bbd47fc00a2c39e90264f33305004495a9","hash":"04838308f7775208b4ac0b7d517ec82375e43213"}
,"/Users/neelchaudhary/Desktop/scooterson/src/models/UserModel.js": {"path":"/Users/neelchaudhary/Desktop/scooterson/src/models/UserModel.js","statementMap":{"0":{"start":{"line":1,"column":17},"end":{"line":1,"column":36}},"1":{"start":{"line":2,"column":26},"end":{"line":2,"column":34}},"2":{"start":{"line":4,"column":19},"end":{"line":24,"column":2}},"3":{"start":{"line":26,"column":13},"end":{"line":26,"column":47}},"4":{"start":{"line":28,"column":0},"end":{"line":28,"column":22}}},"fnMap":{},"branchMap":{},"s":{"0":1,"1":1,"2":1,"3":1,"4":1},"f":{},"b":{},"_coverageSchema":"1a1c01bbd47fc00a2c39e90264f33305004495a9","hash":"96720b3601e2948e3e83f99b114868e7d791c2bb"}
}
