TN:
SF:src/controllers/BlogPostControllers/CreateNewBlog.js
FN:10,(anonymous_0)
FNF:1
FNH:1
FNDA:2,(anonymous_0)
DA:1,1
DA:2,1
DA:3,1
DA:4,1
DA:5,1
DA:7,1
DA:8,1
DA:10,1
DA:11,2
DA:13,2
DA:16,2
DA:18,2
DA:20,0
DA:21,0
DA:25,0
DA:26,0
DA:27,0
DA:30,0
DA:31,0
DA:32,0
DA:36,0
DA:38,0
DA:39,0
DA:43,0
DA:44,0
DA:47,0
DA:48,0
DA:50,0
DA:55,2
DA:60,2
DA:64,1
LF:31
LH:15
BRDA:20,0,0,0
BRDA:20,0,1,0
BRDA:30,1,0,0
BRDA:30,1,1,0
BRDA:30,2,0,0
BRDA:30,2,1,0
BRDA:30,2,2,0
BRDA:38,3,0,0
BRDA:38,3,1,0
BRF:9
BRH:0
end_of_record
TN:
SF:src/models/BlogPostModel.js
FNF:0
FNH:0
DA:1,1
DA:2,1
DA:4,1
DA:35,1
DA:36,1
DA:39,1
DA:41,1
LF:7
LH:7
BRF:0
BRH:0
end_of_record
TN:
SF:src/models/UserModel.js
FNF:0
FNH:0
DA:1,1
DA:2,1
DA:4,1
DA:26,1
DA:28,1
LF:5
LH:5
BRF:0
BRH:0
end_of_record
