TN:
SF:src/controllers/BlogPostControllers/CreateNewBlog.js
FN:9,(anonymous_0)
FNF:1
FNH:1
FNDA:4,(anonymous_0)
DA:1,1
DA:2,1
DA:3,1
DA:4,1
DA:6,1
DA:7,1
DA:9,1
DA:10,4
DA:11,4
DA:12,4
DA:13,1
DA:17,3
DA:18,3
DA:19,0
DA:23,3
DA:24,3
DA:25,3
DA:27,3
DA:29,2
DA:30,1
DA:34,1
DA:35,1
DA:38,1
DA:39,1
DA:42,1
DA:47,1
DA:51,1
LF:27
LH:26
BRDA:12,0,0,1
BRDA:12,0,1,3
BRDA:18,1,0,0
BRDA:18,1,1,3
BRDA:29,2,0,1
BRDA:29,2,1,1
BRF:6
BRH:5
end_of_record
TN:
SF:src/controllers/UserControllers/CreateNewUser.js
FN:5,(anonymous_0)
FNF:1
FNH:1
FNDA:4,(anonymous_0)
DA:1,1
DA:2,1
DA:3,1
DA:5,1
DA:6,4
DA:8,4
DA:9,4
DA:10,1
DA:13,3
DA:16,3
DA:17,2
DA:18,1
DA:22,1
DA:25,1
DA:26,1
DA:29,1
DA:35,1
DA:39,1
LF:18
LH:18
BRDA:9,0,0,1
BRDA:9,0,1,3
BRDA:17,1,0,1
BRDA:17,1,1,1
BRF:4
BRH:4
end_of_record
TN:
SF:src/controllers/UserControllers/DeleteUser.js
FN:6,(anonymous_0)
FNF:1
FNH:1
FNDA:5,(anonymous_0)
DA:1,1
DA:2,1
DA:3,1
DA:4,1
DA:6,1
DA:7,5
DA:9,5
DA:10,5
DA:11,1
DA:14,4
DA:16,4
DA:17,4
DA:18,4
DA:20,4
DA:22,4
DA:23,1
DA:27,3
DA:28,2
DA:29,1
DA:33,1
DA:35,1
DA:38,1
DA:42,1
LF:23
LH:23
BRDA:10,0,0,1
BRDA:10,0,1,4
BRDA:22,1,0,1
BRDA:22,1,1,3
BRDA:28,2,0,1
BRDA:28,2,1,1
BRF:6
BRH:6
end_of_record
TN:
SF:src/controllers/UserControllers/LoginUser.js
FN:8,(anonymous_0)
FNF:1
FNH:1
FNDA:4,(anonymous_0)
DA:1,1
DA:2,1
DA:3,1
DA:4,1
DA:5,1
DA:6,1
DA:8,1
DA:9,4
DA:11,4
DA:12,4
DA:13,1
DA:16,3
DA:19,3
DA:22,2
DA:23,1
DA:27,1
DA:30,1
DA:33,1
DA:36,1
DA:40,1
LF:20
LH:20
BRDA:12,0,0,1
BRDA:12,0,1,3
BRDA:22,1,0,1
BRDA:22,1,1,1
BRDA:22,2,0,2
BRDA:22,2,1,1
BRF:6
BRH:6
end_of_record
TN:
SF:src/controllers/UserControllers/LogoutUser.js
FN:1,(anonymous_0)
FNF:1
FNH:1
FNDA:1,(anonymous_0)
DA:1,1
DA:3,1
DA:6,1
DA:9,1
LF:4
LH:4
BRF:0
BRH:0
end_of_record
TN:
SF:src/models/BlogPostModel.js
FNF:0
FNH:0
DA:1,1
DA:2,1
DA:4,1
DA:35,1
DA:36,1
DA:39,1
DA:41,1
LF:7
LH:7
BRF:0
BRH:0
end_of_record
TN:
SF:src/models/UserModel.js
FNF:0
FNH:0
DA:1,4
DA:2,4
DA:4,4
DA:29,4
DA:31,4
LF:5
LH:5
BRF:0
BRH:0
end_of_record
